c:\users\jerry\source\repos\insertion\insertion\debug\insertion.pch
c:\users\jerry\source\repos\insertion\insertion\debug\vc141.pdb
c:\users\jerry\source\repos\insertion\insertion\debug\vc141.idb
c:\users\jerry\source\repos\insertion\insertion\debug\stdafx.obj
c:\users\jerry\source\repos\insertion\insertion\debug\insertionsort.obj
c:\users\jerry\source\repos\insertion\debug\insertion.pdb
c:\users\jerry\source\repos\insertion\insertion\debug\insertion.tlog\cl.command.1.tlog
c:\users\jerry\source\repos\insertion\insertion\debug\insertion.tlog\cl.read.1.tlog
c:\users\jerry\source\repos\insertion\insertion\debug\insertion.tlog\cl.write.1.tlog
c:\users\jerry\source\repos\insertion\insertion\debug\insertion.tlog\link-cvtres.read.1.tlog
c:\users\jerry\source\repos\insertion\insertion\debug\insertion.tlog\link-cvtres.write.1.tlog
c:\users\jerry\source\repos\insertion\insertion\debug\insertion.tlog\link-rc.read.1.tlog
c:\users\jerry\source\repos\insertion\insertion\debug\insertion.tlog\link-rc.write.1.tlog
c:\users\jerry\source\repos\insertion\insertion\debug\insertion.tlog\link.9496-cvtres.read.1.tlog
c:\users\jerry\source\repos\insertion\insertion\debug\insertion.tlog\link.9496-cvtres.write.1.tlog
c:\users\jerry\source\repos\insertion\insertion\debug\insertion.tlog\link.9496-rc.read.1.tlog
c:\users\jerry\source\repos\insertion\insertion\debug\insertion.tlog\link.9496-rc.write.1.tlog
c:\users\jerry\source\repos\insertion\insertion\debug\insertion.tlog\link.9496.read.1.tlog
c:\users\jerry\source\repos\insertion\insertion\debug\insertion.tlog\link.9496.write.1.tlog
c:\users\jerry\source\repos\insertion\insertion\debug\insertion.tlog\link.command.1.tlog
c:\users\jerry\source\repos\insertion\insertion\debug\insertion.tlog\link.read.1.tlog
c:\users\jerry\source\repos\insertion\insertion\debug\insertion.tlog\link.write.1.tlog
